TN:
SF:src/modules/appointments/services/CreateAppointmentService.spec.ts
FN:9,(anonymous_14)
FN:10,(anonymous_15)
FN:17,(anonymous_16)
FN:27,(anonymous_19)
FNF:4
FNH:4
FNDA:1,(anonymous_14)
FNDA:2,(anonymous_15)
FNDA:2,(anonymous_16)
FNDA:2,(anonymous_19)
DA:1,1
DA:3,1
DA:4,1
DA:9,1
DA:10,1
DA:11,2
DA:12,2
DA:17,1
DA:18,1
DA:23,1
DA:24,1
DA:27,1
DA:28,1
DA:30,2
DA:35,2
LF:15
LH:15
BRDA:18,0,0,1
BRF:1
BRH:1
end_of_record
TN:
SF:src/modules/appointments/services/CreateAppointmentService.ts
FN:15,(anonymous_18)
FN:16,CreateAppointmentService
FN:21,(anonymous_20)
FNF:3
FNH:3
FNDA:1,(anonymous_18)
FNDA:2,CreateAppointmentService
FNDA:3,(anonymous_20)
DA:1,1
DA:2,1
DA:4,1
DA:15,1
DA:18,2
DA:21,3
DA:22,3
DA:24,3
DA:28,3
DA:29,1
DA:32,2
DA:37,2
DA:39,1
DA:41,1
LF:14
LH:14
BRDA:28,0,0,1
BRDA:28,0,1,2
BRF:2
BRH:2
end_of_record
TN:
SF:src/modules/users/services/AuthenticateUserService.spec.ts
FN:13,(anonymous_14)
FN:14,(anonymous_15)
FN:26,(anonymous_16)
FN:42,(anonymous_19)
FN:51,(anonymous_22)
FNF:5
FNH:5
FNDA:1,(anonymous_14)
FNDA:3,(anonymous_15)
FNDA:2,(anonymous_16)
FNDA:2,(anonymous_19)
FNDA:2,(anonymous_22)
DA:1,1
DA:3,1
DA:4,1
DA:5,1
DA:6,1
DA:13,1
DA:14,1
DA:15,3
DA:16,3
DA:18,3
DA:20,3
DA:26,1
DA:27,1
DA:33,1
DA:38,1
DA:39,1
DA:42,1
DA:43,2
DA:51,1
DA:52,2
DA:58,2
LF:21
LH:21
BRDA:27,0,0,1
BRDA:43,1,0,1
BRDA:52,2,0,1
BRF:3
BRH:3
end_of_record
TN:
SF:src/modules/users/services/AuthenticateUserService.ts
FN:22,(anonymous_18)
FN:23,AuthenticateUserService
FN:31,(anonymous_20)
FNF:3
FNH:3
FNDA:1,(anonymous_18)
FNDA:3,AuthenticateUserService
FNDA:3,(anonymous_20)
DA:1,1
DA:2,1
DA:4,1
DA:6,1
DA:22,1
DA:25,3
DA:28,3
DA:31,3
DA:32,3
DA:34,3
DA:36,2
DA:41,2
DA:42,1
DA:44,1
DA:46,1
DA:51,1
DA:56,1
DA:58,1
LF:18
LH:18
BRDA:32,0,0,3
BRDA:34,1,0,1
BRDA:34,1,1,2
BRDA:41,2,0,1
BRDA:41,2,1,1
BRF:5
BRH:5
end_of_record
TN:
SF:src/modules/users/services/CreateUserService.spec.ts
FN:11,(anonymous_14)
FN:12,(anonymous_15)
FN:19,(anonymous_16)
FN:29,(anonymous_19)
FNF:4
FNH:4
FNDA:1,(anonymous_14)
FNDA:2,(anonymous_15)
FNDA:2,(anonymous_16)
FNDA:2,(anonymous_19)
DA:1,1
DA:3,1
DA:4,1
DA:5,1
DA:11,1
DA:12,1
DA:13,2
DA:14,2
DA:16,2
DA:19,1
DA:20,1
DA:26,1
DA:29,1
DA:30,2
DA:36,1
LF:15
LH:15
BRDA:20,0,0,1
BRDA:30,1,0,1
BRF:2
BRH:2
end_of_record
TN:
SF:src/modules/users/services/CreateUserService.ts
FN:16,(anonymous_18)
FN:17,CreateUserService
FN:25,(anonymous_20)
FNF:3
FNH:3
FNDA:2,(anonymous_18)
FNDA:5,CreateUserService
FNDA:5,(anonymous_20)
DA:1,2
DA:3,2
DA:16,2
DA:19,5
DA:22,5
DA:25,5
DA:26,5
DA:28,5
DA:30,4
DA:32,4
DA:38,4
DA:40,2
DA:42,2
LF:13
LH:13
BRDA:26,0,0,5
BRDA:28,1,0,1
BRDA:28,1,1,4
BRF:3
BRH:3
end_of_record
TN:
SF:src/modules/users/services/ResetPasswordService.spec.ts
FN:13,(anonymous_14)
FN:14,(anonymous_15)
FN:26,(anonymous_16)
FN:48,(anonymous_19)
FN:57,(anonymous_22)
FN:70,(anonymous_25)
FN:79,(anonymous_28)
FNF:7
FNH:7
FNDA:1,(anonymous_14)
FNDA:4,(anonymous_15)
FNDA:2,(anonymous_16)
FNDA:2,(anonymous_19)
FNDA:2,(anonymous_22)
FNDA:2,(anonymous_25)
FNDA:1,(anonymous_28)
DA:1,1
DA:3,1
DA:4,1
DA:5,1
DA:6,1
DA:13,1
DA:14,1
DA:15,4
DA:16,4
DA:17,4
DA:19,4
DA:26,1
DA:27,1
DA:33,1
DA:35,1
DA:37,2
DA:42,1
DA:44,1
DA:45,1
DA:48,1
DA:49,2
DA:57,1
DA:58,1
DA:62,2
DA:70,1
DA:71,1
DA:77,1
DA:79,1
DA:80,1
DA:82,1
DA:85,2
LF:31
LH:31
BRDA:27,0,0,1
BRDA:44,1,0,0
BRDA:44,1,1,1
BRDA:44,2,0,1
BRDA:44,2,1,1
BRDA:49,3,0,1
BRDA:58,4,0,1
BRDA:71,5,0,1
BRF:8
BRH:7
end_of_record
TN:
SF:src/modules/users/services/ResetPasswordService.ts
FN:16,(anonymous_18)
FN:17,ResetPasswordService
FN:28,(anonymous_20)
FNF:3
FNH:3
FNDA:1,(anonymous_18)
FNDA:4,ResetPasswordService
FNDA:4,(anonymous_20)
DA:1,1
DA:2,1
DA:4,1
DA:16,1
DA:19,4
DA:22,4
DA:25,4
DA:28,4
DA:29,4
DA:31,4
DA:33,3
DA:35,3
DA:37,2
DA:39,2
DA:40,1
DA:42,1
DA:44,2
DA:46,1
DA:48,1
LF:19
LH:19
BRDA:29,0,0,4
BRDA:31,1,0,1
BRDA:31,1,1,3
BRDA:35,2,0,1
BRDA:35,2,1,2
BRDA:39,3,0,1
BRDA:39,3,1,1
BRF:7
BRH:7
end_of_record
TN:
SF:src/modules/users/services/SendForgotPasswordEmailService.spec.ts
FN:13,(anonymous_14)
FN:14,(anonymous_15)
FN:26,(anonymous_16)
FN:42,(anonymous_19)
FN:50,(anonymous_22)
FNF:5
FNH:5
FNDA:1,(anonymous_14)
FNDA:3,(anonymous_15)
FNDA:2,(anonymous_16)
FNDA:2,(anonymous_19)
FNDA:2,(anonymous_22)
DA:1,1
DA:3,1
DA:4,1
DA:5,1
DA:6,1
DA:13,1
DA:14,1
DA:15,3
DA:16,3
DA:17,3
DA:19,3
DA:26,1
DA:27,1
DA:29,2
DA:35,2
DA:39,1
DA:42,1
DA:43,2
DA:50,1
DA:51,1
DA:53,1
DA:59,2
DA:63,1
LF:23
LH:23
BRDA:43,0,0,1
BRF:1
BRH:1
end_of_record
TN:
SF:src/modules/users/services/SendForgotPasswordEmailService.ts
FN:17,(anonymous_18)
FN:18,SendForgotPasswordEmailService
FN:29,(anonymous_20)
FNF:3
FNH:3
FNDA:1,(anonymous_18)
FNDA:3,SendForgotPasswordEmailService
FNDA:3,(anonymous_20)
DA:1,1
DA:2,1
DA:4,1
DA:17,1
DA:20,3
DA:23,3
DA:26,3
DA:29,3
DA:30,3
DA:32,3
DA:34,2
DA:36,2
DA:43,4
DA:58,1
DA:60,1
LF:15
LH:15
BRDA:30,0,0,3
BRDA:32,1,0,1
BRDA:32,1,1,2
BRF:3
BRH:3
end_of_record
TN:
SF:src/modules/users/services/ShowProfileService.spec.ts
FN:9,(anonymous_14)
FN:10,(anonymous_15)
FN:16,(anonymous_16)
FN:31,(anonymous_19)
FNF:4
FNH:4
FNDA:1,(anonymous_14)
FNDA:2,(anonymous_15)
FNDA:2,(anonymous_16)
FNDA:2,(anonymous_19)
DA:1,1
DA:3,1
DA:4,1
DA:9,1
DA:10,1
DA:11,2
DA:13,2
DA:16,1
DA:17,1
DA:23,1
DA:27,1
DA:28,1
DA:31,1
DA:32,2
LF:14
LH:14
BRDA:17,0,0,1
BRDA:32,1,0,1
BRF:2
BRH:2
end_of_record
TN:
SF:src/modules/users/services/ShowProfileService.ts
FN:13,(anonymous_18)
FN:14,ShowProfileService
FN:19,(anonymous_20)
FNF:3
FNH:3
FNDA:1,(anonymous_18)
FNDA:2,ShowProfileService
FNDA:2,(anonymous_20)
DA:1,1
DA:3,1
DA:13,1
DA:16,2
DA:19,2
DA:20,2
DA:22,2
DA:24,1
DA:26,1
DA:28,1
LF:10
LH:10
BRDA:20,0,0,2
BRDA:22,1,0,1
BRDA:22,1,1,1
BRF:3
BRH:3
end_of_record
TN:
SF:src/modules/users/services/UpdateProfileService.spec.ts
FN:11,(anonymous_14)
FN:12,(anonymous_15)
FN:22,(anonymous_16)
FN:39,(anonymous_19)
FN:49,(anonymous_22)
FN:71,(anonymous_25)
FN:89,(anonymous_28)
FN:106,(anonymous_31)
FNF:8
FNH:8
FNDA:1,(anonymous_14)
FNDA:6,(anonymous_15)
FNDA:2,(anonymous_16)
FNDA:2,(anonymous_19)
FNDA:2,(anonymous_22)
FNDA:2,(anonymous_25)
FNDA:2,(anonymous_28)
FNDA:2,(anonymous_31)
DA:1,1
DA:3,1
DA:4,1
DA:5,1
DA:11,1
DA:12,1
DA:13,6
DA:14,6
DA:16,6
DA:22,1
DA:23,1
DA:29,1
DA:35,1
DA:36,1
DA:39,1
DA:40,2
DA:49,1
DA:50,1
DA:56,1
DA:62,2
DA:71,1
DA:72,1
DA:78,1
DA:86,1
DA:89,1
DA:90,1
DA:96,2
DA:106,1
DA:107,1
DA:113,2
LF:30
LH:30
BRDA:23,0,0,1
BRDA:40,1,0,1
BRDA:72,2,0,1
BRDA:90,3,0,1
BRDA:107,4,0,1
BRF:5
BRH:5
end_of_record
TN:
SF:src/modules/users/services/UpdateProfileService.ts
FN:18,(anonymous_18)
FN:19,UpdateProfileService
FN:27,(anonymous_20)
FNF:3
FNH:3
FNDA:1,(anonymous_18)
FNDA:6,UpdateProfileService
FNDA:6,(anonymous_20)
DA:1,1
DA:3,1
DA:18,1
DA:21,6
DA:24,6
DA:27,1
DA:28,6
DA:29,6
DA:30,6
DA:31,6
DA:32,6
DA:34,6
DA:36,6
DA:38,5
DA:40,5
DA:41,1
DA:43,4
DA:44,4
DA:46,4
DA:47,1
DA:51,4
DA:52,2
DA:57,2
DA:59,1
DA:62,2
DA:64,1
DA:66,1
LF:27
LH:27
BRDA:34,0,0,6
BRDA:34,0,1,2
BRDA:36,1,0,1
BRDA:36,1,1,5
BRDA:40,2,0,1
BRDA:40,2,1,4
BRDA:40,3,0,5
BRDA:40,3,1,1
BRDA:46,4,0,1
BRDA:46,4,1,3
BRDA:46,5,0,4
BRDA:46,5,1,3
BRDA:51,6,0,1
BRDA:51,6,1,2
BRDA:51,7,0,3
BRDA:51,7,1,2
BRDA:57,8,0,1
BRDA:57,8,1,1
BRF:18
BRH:18
end_of_record
TN:
SF:src/modules/users/services/UpdateUserAvatarService.spec.ts
FN:11,(anonymous_14)
FN:12,(anonymous_15)
FN:22,(anonymous_16)
FN:37,(anonymous_19)
FN:46,(anonymous_22)
FNF:5
FNH:5
FNDA:1,(anonymous_14)
FNDA:3,(anonymous_15)
FNDA:2,(anonymous_16)
FNDA:2,(anonymous_19)
FNDA:2,(anonymous_22)
DA:1,1
DA:3,1
DA:4,1
DA:5,1
DA:11,1
DA:12,1
DA:13,3
DA:14,3
DA:16,3
DA:22,1
DA:23,1
DA:29,2
DA:34,1
DA:37,1
DA:38,2
DA:46,1
DA:47,1
DA:49,1
DA:55,2
DA:60,2
DA:65,1
LF:21
LH:21
BRDA:23,0,0,1
BRDA:38,1,0,1
BRF:2
BRH:2
end_of_record
TN:
SF:src/modules/users/services/UpdateUserAvatarService.ts
FN:15,(anonymous_18)
FN:16,UpdateUserAvatarService
FN:24,(anonymous_20)
FNF:3
FNH:3
FNDA:1,(anonymous_18)
FNDA:3,UpdateUserAvatarService
FNDA:4,(anonymous_20)
DA:1,1
DA:3,1
DA:15,1
DA:18,3
DA:21,3
DA:24,4
DA:25,4
DA:27,4
DA:28,1
DA:30,5
DA:31,2
DA:34,3
DA:36,3
DA:38,6
DA:40,3
DA:42,1
DA:44,1
LF:17
LH:17
BRDA:25,0,0,4
BRDA:25,0,1,3
BRDA:27,1,0,1
BRDA:27,1,1,3
BRDA:30,2,0,2
BRDA:30,2,1,1
BRF:6
BRH:6
end_of_record
